<?xml version="1.0" encoding="UTF-8"?>
<testng-results ignored="0" total="2" passed="2" failed="0" skipped="0">
  <reporter-output>
  </reporter-output>
  <suite started-at="2025-05-06T21:17:33 EDT" name="Suite" finished-at="2025-05-06T21:17:38 EDT" duration-ms="5069">
    <groups>
    </groups>
    <test started-at="2025-05-06T21:17:33 EDT" name="Test" finished-at="2025-05-06T21:17:38 EDT" duration-ms="5069">
      <class name="com.test.MultiTest">
        <test-method is-config="true" signature="Initalization()[pri:0, instance:com.test.MultiTest@799f10e1]" started-at="2025-05-06T21:17:33 EDT" name="Initalization" finished-at="2025-05-06T21:17:37 EDT" duration-ms="3866" status="PASS">
          <reporter-output>
          </reporter-output>
        </test-method> <!-- Initalization -->
        <test-method signature="SelectDropDown()[pri:1, instance:com.test.MultiTest@799f10e1]" started-at="2025-05-06T21:17:37 EDT" name="SelectDropDown" finished-at="2025-05-06T21:17:38 EDT" duration-ms="465" status="PASS">
          <reporter-output>
          </reporter-output>
        </test-method> <!-- SelectDropDown -->
        <test-method signature="AdvanceDropDown()[pri:2, instance:com.test.MultiTest@799f10e1]" started-at="2025-05-06T21:17:38 EDT" name="AdvanceDropDown" finished-at="2025-05-06T21:17:38 EDT" duration-ms="380" status="PASS">
          <reporter-output>
          </reporter-output>
        </test-method> <!-- AdvanceDropDown -->
        <test-method is-config="true" signature="CleanUp()[pri:0, instance:com.test.MultiTest@799f10e1]" started-at="2025-05-06T21:17:38 EDT" name="CleanUp" finished-at="2025-05-06T21:17:38 EDT" duration-ms="317" status="PASS">
          <reporter-output>
          </reporter-output>
        </test-method> <!-- CleanUp -->
      </class> <!-- com.test.MultiTest -->
    </test> <!-- Test -->
  </suite> <!-- Suite -->
</testng-results>
