<?xml version="1.0" encoding="UTF-8"?>
<testsuite xmlns:xsi="http://www.w3.org/2001/XMLSchema-instance" xsi:noNamespaceSchemaLocation="https://maven.apache.org/surefire/maven-surefire-plugin/xsd/surefire-test-report.xsd" version="3.0.1" name="TestSuite" time="5.634" tests="2" errors="0" skipped="0" failures="0">
  <properties>
[...]
</properties>
  <testcase name="SelectDropDown" classname="com.test.MultiTest" time="0.464">
    <system-out><![CDATA[Automation Testing Practice
]]></system-out>
    <system-err><![CDATA[SLF4J(W): No SLF4J providers were found.
SLF4J(W): Defaulting to no-operation (NOP) logger implementation
SLF4J(W): See https://www.slf4j.org/codes.html#noProviders for further details.
]]></system-err>
  </testcase>
  <testcase name="AdvanceDropDown" classname="com.test.MultiTest" time="0.368">
    <system-out><![CDATA[10
United States
Canada
United Kingdom
Germany
France
Australia
Japan
China
Brazil
India
]]></system-out>
  </testcase>
</testsuite>