<?xml version="1.0" encoding="UTF-8"?>
<testng-results ignored="0" total="1" passed="1" failed="0" skipped="0">
  <reporter-output>
  </reporter-output>
  <suite started-at="2025-06-24T22:26:41 EDT" name="Default suite" finished-at="2025-06-24T22:26:41 EDT" duration-ms="604">
    <groups>
    </groups>
    <test started-at="2025-06-24T22:26:41 EDT" name="Default test" finished-at="2025-06-24T22:26:41 EDT" duration-ms="604">
      <class name="com.dataread.ReadExcel">
        <test-method signature="ExCelDataReader()[pri:0, instance:com.dataread.ReadExcel@3b0090a4]" started-at="2025-06-24T22:26:41 EDT" name="ExCelDataReader" finished-at="2025-06-24T22:26:41 EDT" duration-ms="560" status="PASS">
          <reporter-output>
          </reporter-output>
        </test-method> <!-- ExCelDataReader -->
      </class> <!-- com.dataread.ReadExcel -->
    </test> <!-- Default test -->
  </suite> <!-- Default suite -->
</testng-results>
