<?xml version="1.0" encoding="UTF-8"?>
<testng-results ignored="0" total="1" passed="1" failed="0" skipped="0">
  <reporter-output>
  </reporter-output>
  <suite started-at="2025-05-14T10:17:20 EDT" name="Default suite" finished-at="2025-05-14T10:17:24 EDT" duration-ms="4449">
    <groups>
    </groups>
    <test started-at="2025-05-14T10:17:20 EDT" name="Default test" finished-at="2025-05-14T10:17:24 EDT" duration-ms="4449">
      <class name="com.test.EdgeBrowser">
        <test-method signature="LaunchEdgeBrowser()[pri:0, instance:com.test.EdgeBrowser@2a65fe7c]" started-at="2025-05-14T10:17:20 EDT" name="LaunchEdgeBrowser" finished-at="2025-05-14T10:17:24 EDT" duration-ms="4415" status="PASS">
          <reporter-output>
          </reporter-output>
        </test-method> <!-- LaunchEdgeBrowser -->
      </class> <!-- com.test.EdgeBrowser -->
    </test> <!-- Default test -->
  </suite> <!-- Default suite -->
</testng-results>
